android/app/build/intermediates/manifest_merge_blame_file/debug/manifest-merger-blame-debug-report.txt
1<?xml version="1.0" encoding="utf-8"?>
2<manifest xmlns:android="http://schemas.android.com/apk/res/android"
3    package="com.remembrance"
4    android:versionCode="1"
5    android:versionName="1.0" >
6
7    <uses-sdk
8        android:minSdkVersion="21"
9        android:targetSdkVersion="34" />
10
11    <uses-permission android:name="android.permission.INTERNET" />
11-->src/main/AndroidManifest.xml:2:3-65
11-->src/main/AndroidManifest.xml:2:20-62
12    <uses-permission android:name="android.permission.CAMERA" />
12-->src/main/AndroidManifest.xml:3:3-63
12-->src/main/AndroidManifest.xml:3:20-60
13    <uses-permission android:name="android.permission.WAKE_LOCK" />
13-->[:react-native-firebase_database] AndroidManifest.xml:8:5-68
13-->[:react-native-firebase_database] AndroidManifest.xml:8:22-65
14    <uses-permission android:name="android.permission.ACCESS_NETWORK_STATE" />
14-->[:react-native-firebase_database] AndroidManifest.xml:9:5-79
14-->[:react-native-firebase_database] AndroidManifest.xml:9:22-76
15    <!--
16    This manifest file is used only by Gradle to configure debug-only capabilities
17    for React Native Apps.
18    -->
19    <uses-permission android:name="android.permission.SYSTEM_ALERT_WINDOW" />
19-->[com.facebook.react:react-android:0.73.6] AndroidManifest.xml:16:5-78
19-->[com.facebook.react:react-android:0.73.6] AndroidManifest.xml:16:22-75
20    <uses-permission android:name="android.permission.ACCESS_WIFI_STATE" />
20-->[com.facebook.flipper:flipper:0.201.0] AndroidManifest.xml:14:5-76
20-->[com.facebook.flipper:flipper:0.201.0] AndroidManifest.xml:14:22-73
21
22    <uses-feature
22-->[com.google.android.gms:play-services-maps:18.2.0] AndroidManifest.xml:26:5-28:35
23        android:glEsVersion="0x00020000"
23-->[com.google.android.gms:play-services-maps:18.2.0] AndroidManifest.xml:27:9-41
24        android:required="true" />
24-->[com.google.android.gms:play-services-maps:18.2.0] AndroidManifest.xml:28:9-32
25
26    <queries>
26-->[com.google.android.gms:play-services-maps:18.2.0] AndroidManifest.xml:30:5-34:15
27
28        <!-- Needs to be explicitly declared on Android R+ -->
29        <package android:name="com.google.android.apps.maps" />
29-->[com.google.android.gms:play-services-maps:18.2.0] AndroidManifest.xml:33:9-64
29-->[com.google.android.gms:play-services-maps:18.2.0] AndroidManifest.xml:33:18-61
30    </queries>
31
32    <uses-permission android:name="android.permission.RECEIVE_BOOT_COMPLETED" />
32-->[androidx.work:work-runtime:2.7.1] AndroidManifest.xml:27:5-81
32-->[androidx.work:work-runtime:2.7.1] AndroidManifest.xml:27:22-78
33    <uses-permission android:name="android.permission.FOREGROUND_SERVICE" />
33-->[androidx.work:work-runtime:2.7.1] AndroidManifest.xml:28:5-77
33-->[androidx.work:work-runtime:2.7.1] AndroidManifest.xml:28:22-74
34
35    <permission
35-->[androidx.core:core:1.9.0] AndroidManifest.xml:22:5-24:47
36        android:name="com.remembrance.DYNAMIC_RECEIVER_NOT_EXPORTED_PERMISSION"
36-->[androidx.core:core:1.9.0] AndroidManifest.xml:23:9-81
37        android:protectionLevel="signature" />
37-->[androidx.core:core:1.9.0] AndroidManifest.xml:24:9-44
38
39    <uses-permission android:name="com.remembrance.DYNAMIC_RECEIVER_NOT_EXPORTED_PERMISSION" />
39-->[androidx.core:core:1.9.0] AndroidManifest.xml:26:5-97
39-->[androidx.core:core:1.9.0] AndroidManifest.xml:26:22-94
40
41    <application
41-->src/main/AndroidManifest.xml:5:3-24:17
42        android:name="com.remembrance.MainApplication"
42-->src/main/AndroidManifest.xml:6:5-36
43        android:allowBackup="false"
43-->src/main/AndroidManifest.xml:10:5-32
44        android:appComponentFactory="androidx.core.app.CoreComponentFactory"
44-->[androidx.core:core:1.9.0] AndroidManifest.xml:28:18-86
45        android:debuggable="true"
46        android:extractNativeLibs="true"
47        android:icon="@mipmap/ic_launcher"
47-->src/main/AndroidManifest.xml:8:5-39
48        android:label="@string/app_name"
48-->src/main/AndroidManifest.xml:7:5-37
49        android:roundIcon="@mipmap/ic_launcher_round"
49-->src/main/AndroidManifest.xml:9:5-50
50        android:theme="@style/AppTheme"
50-->src/main/AndroidManifest.xml:11:5-36
51        android:usesCleartextTraffic="true" >
51-->src/debug/AndroidManifest.xml:6:9-44
52        <activity
52-->src/main/AndroidManifest.xml:12:5-23:16
53            android:name="com.remembrance.MainActivity"
53-->src/main/AndroidManifest.xml:13:7-35
54            android:configChanges="keyboard|keyboardHidden|orientation|screenLayout|screenSize|smallestScreenSize|uiMode"
54-->src/main/AndroidManifest.xml:15:7-116
55            android:exported="true"
55-->src/main/AndroidManifest.xml:18:7-30
56            android:label="@string/app_name"
56-->src/main/AndroidManifest.xml:14:7-39
57            android:launchMode="singleTask"
57-->src/main/AndroidManifest.xml:16:7-38
58            android:windowSoftInputMode="adjustResize" >
58-->src/main/AndroidManifest.xml:17:7-49
59            <intent-filter>
59-->src/main/AndroidManifest.xml:19:7-22:23
60                <action android:name="android.intent.action.MAIN" />
60-->src/main/AndroidManifest.xml:20:9-61
60-->src/main/AndroidManifest.xml:20:17-58
61
62                <category android:name="android.intent.category.LAUNCHER" />
62-->src/main/AndroidManifest.xml:21:9-69
62-->src/main/AndroidManifest.xml:21:19-66
63            </intent-filter>
64        </activity>
65
66        <meta-data
66-->[:react-native-firebase_app] AndroidManifest.xml:9:9-11:36
67            android:name="app_data_collection_default_enabled"
67-->[:react-native-firebase_app] AndroidManifest.xml:10:13-63
68            android:value="true" />
68-->[:react-native-firebase_app] AndroidManifest.xml:11:13-33
69
70        <service
70-->[:react-native-firebase_app] AndroidManifest.xml:13:9-21:19
71            android:name="com.google.firebase.components.ComponentDiscoveryService"
71-->[:react-native-firebase_app] AndroidManifest.xml:14:13-84
72            android:directBootAware="true"
72-->[:react-native-firebase_app] AndroidManifest.xml:15:13-43
73            android:exported="false" >
73-->[:react-native-firebase_app] AndroidManifest.xml:16:13-37
74            <meta-data
74-->[:react-native-firebase_app] AndroidManifest.xml:18:13-20:85
75                android:name="com.google.firebase.components:io.invertase.firebase.app.ReactNativeFirebaseAppRegistrar"
75-->[:react-native-firebase_app] AndroidManifest.xml:19:17-120
76                android:value="com.google.firebase.components.ComponentRegistrar" />
76-->[:react-native-firebase_app] AndroidManifest.xml:20:17-82
77            <meta-data
77-->[com.google.firebase:firebase-database:20.3.1] AndroidManifest.xml:29:13-31:85
78                android:name="com.google.firebase.components:com.google.firebase.database.FirebaseDatabaseKtxRegistrar"
78-->[com.google.firebase:firebase-database:20.3.1] AndroidManifest.xml:30:17-120
79                android:value="com.google.firebase.components.ComponentRegistrar" />
79-->[com.google.firebase:firebase-database:20.3.1] AndroidManifest.xml:31:17-82
80            <meta-data
80-->[com.google.firebase:firebase-database:20.3.1] AndroidManifest.xml:32:13-34:85
81                android:name="com.google.firebase.components:com.google.firebase.database.DatabaseRegistrar"
81-->[com.google.firebase:firebase-database:20.3.1] AndroidManifest.xml:33:17-109
82                android:value="com.google.firebase.components.ComponentRegistrar" />
82-->[com.google.firebase:firebase-database:20.3.1] AndroidManifest.xml:34:17-82
83            <meta-data
83-->[com.google.firebase:firebase-common-ktx:20.4.3] AndroidManifest.xml:12:13-14:85
84                android:name="com.google.firebase.components:com.google.firebase.ktx.FirebaseCommonLegacyRegistrar"
84-->[com.google.firebase:firebase-common-ktx:20.4.3] AndroidManifest.xml:13:17-116
85                android:value="com.google.firebase.components.ComponentRegistrar" />
85-->[com.google.firebase:firebase-common-ktx:20.4.3] AndroidManifest.xml:14:17-82
86            <meta-data
86-->[com.google.firebase:firebase-common:20.4.3] AndroidManifest.xml:35:13-37:85
87                android:name="com.google.firebase.components:com.google.firebase.FirebaseCommonKtxRegistrar"
87-->[com.google.firebase:firebase-common:20.4.3] AndroidManifest.xml:36:17-109
88                android:value="com.google.firebase.components.ComponentRegistrar" />
88-->[com.google.firebase:firebase-common:20.4.3] AndroidManifest.xml:37:17-82
89        </service>
90
91        <provider
91-->[:react-native-firebase_app] AndroidManifest.xml:23:9-27:38
92            android:name="io.invertase.firebase.app.ReactNativeFirebaseAppInitProvider"
92-->[:react-native-firebase_app] AndroidManifest.xml:24:13-88
93            android:authorities="com.remembrance.reactnativefirebaseappinitprovider"
93-->[:react-native-firebase_app] AndroidManifest.xml:25:13-86
94            android:exported="false"
94-->[:react-native-firebase_app] AndroidManifest.xml:26:13-37
95            android:initOrder="99" />
95-->[:react-native-firebase_app] AndroidManifest.xml:27:13-35
96
97        <activity
97-->[com.facebook.react:react-android:0.73.6] AndroidManifest.xml:19:9-21:40
98            android:name="com.facebook.react.devsupport.DevSettingsActivity"
98-->[com.facebook.react:react-android:0.73.6] AndroidManifest.xml:20:13-77
99            android:exported="false" />
99-->[com.facebook.react:react-android:0.73.6] AndroidManifest.xml:21:13-37
100
101        <provider
101-->[com.google.firebase:firebase-common:20.4.3] AndroidManifest.xml:23:9-28:39
102            android:name="com.google.firebase.provider.FirebaseInitProvider"
102-->[com.google.firebase:firebase-common:20.4.3] AndroidManifest.xml:24:13-77
103            android:authorities="com.remembrance.firebaseinitprovider"
103-->[com.google.firebase:firebase-common:20.4.3] AndroidManifest.xml:25:13-72
104            android:directBootAware="true"
104-->[com.google.firebase:firebase-common:20.4.3] AndroidManifest.xml:26:13-43
105            android:exported="false"
105-->[com.google.firebase:firebase-common:20.4.3] AndroidManifest.xml:27:13-37
106            android:initOrder="100" />
106-->[com.google.firebase:firebase-common:20.4.3] AndroidManifest.xml:28:13-36
107
108        <activity
108-->[com.google.android.gms:play-services-auth:21.0.0] AndroidManifest.xml:23:9-27:75
109            android:name="com.google.android.gms.auth.api.signin.internal.SignInHubActivity"
109-->[com.google.android.gms:play-services-auth:21.0.0] AndroidManifest.xml:24:13-93
110            android:excludeFromRecents="true"
110-->[com.google.android.gms:play-services-auth:21.0.0] AndroidManifest.xml:25:13-46
111            android:exported="false"
111-->[com.google.android.gms:play-services-auth:21.0.0] AndroidManifest.xml:26:13-37
112            android:theme="@android:style/Theme.Translucent.NoTitleBar" />
112-->[com.google.android.gms:play-services-auth:21.0.0] AndroidManifest.xml:27:13-72
113        <!--
114            Service handling Google Sign-In user revocation. For apps that do not integrate with
115            Google Sign-In, this service will never be started.
116        -->
117        <service
117-->[com.google.android.gms:play-services-auth:21.0.0] AndroidManifest.xml:33:9-37:51
118            android:name="com.google.android.gms.auth.api.signin.RevocationBoundService"
118-->[com.google.android.gms:play-services-auth:21.0.0] AndroidManifest.xml:34:13-89
119            android:exported="true"
119-->[com.google.android.gms:play-services-auth:21.0.0] AndroidManifest.xml:35:13-36
120            android:permission="com.google.android.gms.auth.api.signin.permission.REVOCATION_NOTIFICATION"
120-->[com.google.android.gms:play-services-auth:21.0.0] AndroidManifest.xml:36:13-107
121            android:visibleToInstantApps="true" />
121-->[com.google.android.gms:play-services-auth:21.0.0] AndroidManifest.xml:37:13-48
122
123        <meta-data
123-->[com.github.bumptech.glide:okhttp3-integration:4.12.0] AndroidManifest.xml:11:9-13:43
124            android:name="com.bumptech.glide.integration.okhttp3.OkHttpGlideModule"
124-->[com.github.bumptech.glide:okhttp3-integration:4.12.0] AndroidManifest.xml:12:13-84
125            android:value="GlideModule" />
125-->[com.github.bumptech.glide:okhttp3-integration:4.12.0] AndroidManifest.xml:13:13-40
126        <meta-data
126-->[com.google.maps.android:android-maps-utils:3.8.2] AndroidManifest.xml:8:9-10:69
127            android:name="com.google.android.gms.version"
127-->[com.google.maps.android:android-maps-utils:3.8.2] AndroidManifest.xml:9:13-58
128            android:value="@integer/google_play_services_version" /> <!-- Needs to be explicitly declared on P+ -->
128-->[com.google.maps.android:android-maps-utils:3.8.2] AndroidManifest.xml:10:13-66
129        <uses-library
129-->[com.google.android.gms:play-services-maps:18.2.0] AndroidManifest.xml:39:9-41:40
130            android:name="org.apache.http.legacy"
130-->[com.google.android.gms:play-services-maps:18.2.0] AndroidManifest.xml:40:13-50
131            android:required="false" />
131-->[com.google.android.gms:play-services-maps:18.2.0] AndroidManifest.xml:41:13-37
132
133        <service
133-->[com.google.android.gms:play-services-mlkit-barcode-scanning:18.3.0] AndroidManifest.xml:9:9-15:19
134            android:name="com.google.mlkit.common.internal.MlKitComponentDiscoveryService"
134-->[com.google.android.gms:play-services-mlkit-barcode-scanning:18.3.0] AndroidManifest.xml:10:13-91
135            android:directBootAware="true"
135-->[com.google.mlkit:common:18.9.0] AndroidManifest.xml:17:13-43
136            android:exported="false" >
136-->[com.google.android.gms:play-services-mlkit-barcode-scanning:18.3.0] AndroidManifest.xml:11:13-37
137            <meta-data
137-->[com.google.android.gms:play-services-mlkit-barcode-scanning:18.3.0] AndroidManifest.xml:12:13-14:85
138                android:name="com.google.firebase.components:com.google.mlkit.vision.barcode.internal.BarcodeRegistrar"
138-->[com.google.android.gms:play-services-mlkit-barcode-scanning:18.3.0] AndroidManifest.xml:13:17-120
139                android:value="com.google.firebase.components.ComponentRegistrar" />
139-->[com.google.android.gms:play-services-mlkit-barcode-scanning:18.3.0] AndroidManifest.xml:14:17-82
140            <meta-data
140-->[com.google.mlkit:vision-common:17.3.0] AndroidManifest.xml:12:13-14:85
141                android:name="com.google.firebase.components:com.google.mlkit.vision.common.internal.VisionCommonRegistrar"
141-->[com.google.mlkit:vision-common:17.3.0] AndroidManifest.xml:13:17-124
142                android:value="com.google.firebase.components.ComponentRegistrar" />
142-->[com.google.mlkit:vision-common:17.3.0] AndroidManifest.xml:14:17-82
143            <meta-data
143-->[com.google.mlkit:common:18.9.0] AndroidManifest.xml:20:13-22:85
144                android:name="com.google.firebase.components:com.google.mlkit.common.internal.CommonComponentRegistrar"
144-->[com.google.mlkit:common:18.9.0] AndroidManifest.xml:21:17-120
145                android:value="com.google.firebase.components.ComponentRegistrar" />
145-->[com.google.mlkit:common:18.9.0] AndroidManifest.xml:22:17-82
146        </service>
147
148        <provider
148-->[com.google.mlkit:common:18.9.0] AndroidManifest.xml:9:9-13:38
149            android:name="com.google.mlkit.common.internal.MlKitInitProvider"
149-->[com.google.mlkit:common:18.9.0] AndroidManifest.xml:10:13-78
150            android:authorities="com.remembrance.mlkitinitprovider"
150-->[com.google.mlkit:common:18.9.0] AndroidManifest.xml:11:13-69
151            android:exported="false"
151-->[com.google.mlkit:common:18.9.0] AndroidManifest.xml:12:13-37
152            android:initOrder="99" />
152-->[com.google.mlkit:common:18.9.0] AndroidManifest.xml:13:13-35
153
154        <activity
154-->[com.google.android.gms:play-services-base:18.2.0] AndroidManifest.xml:20:9-22:45
155            android:name="com.google.android.gms.common.api.GoogleApiActivity"
155-->[com.google.android.gms:play-services-base:18.2.0] AndroidManifest.xml:20:19-85
156            android:exported="false"
156-->[com.google.android.gms:play-services-base:18.2.0] AndroidManifest.xml:22:19-43
157            android:theme="@android:style/Theme.Translucent.NoTitleBar" />
157-->[com.google.android.gms:play-services-base:18.2.0] AndroidManifest.xml:21:19-78
158
159        <provider
159-->[androidx.work:work-runtime:2.7.1] AndroidManifest.xml:31:9-39:20
160            android:name="androidx.startup.InitializationProvider"
160-->[androidx.work:work-runtime:2.7.1] AndroidManifest.xml:32:13-67
161            android:authorities="com.remembrance.androidx-startup"
161-->[androidx.work:work-runtime:2.7.1] AndroidManifest.xml:33:13-68
162            android:exported="false" >
162-->[androidx.work:work-runtime:2.7.1] AndroidManifest.xml:34:13-37
163            <meta-data
163-->[androidx.work:work-runtime:2.7.1] AndroidManifest.xml:36:13-38:52
164                android:name="androidx.work.WorkManagerInitializer"
164-->[androidx.work:work-runtime:2.7.1] AndroidManifest.xml:37:17-68
165                android:value="androidx.startup" />
165-->[androidx.work:work-runtime:2.7.1] AndroidManifest.xml:38:17-49
166            <meta-data
166-->[androidx.emoji2:emoji2:1.2.0] AndroidManifest.xml:29:13-31:52
167                android:name="androidx.emoji2.text.EmojiCompatInitializer"
167-->[androidx.emoji2:emoji2:1.2.0] AndroidManifest.xml:30:17-75
168                android:value="androidx.startup" />
168-->[androidx.emoji2:emoji2:1.2.0] AndroidManifest.xml:31:17-49
169            <meta-data
169-->[androidx.lifecycle:lifecycle-process:2.4.1] AndroidManifest.xml:31:13-33:52
170                android:name="androidx.lifecycle.ProcessLifecycleInitializer"
170-->[androidx.lifecycle:lifecycle-process:2.4.1] AndroidManifest.xml:32:17-78
171                android:value="androidx.startup" />
171-->[androidx.lifecycle:lifecycle-process:2.4.1] AndroidManifest.xml:33:17-49
172        </provider>
173
174        <service
174-->[androidx.work:work-runtime:2.7.1] AndroidManifest.xml:41:9-46:35
175            android:name="androidx.work.impl.background.systemalarm.SystemAlarmService"
175-->[androidx.work:work-runtime:2.7.1] AndroidManifest.xml:42:13-88
176            android:directBootAware="false"
176-->[androidx.work:work-runtime:2.7.1] AndroidManifest.xml:43:13-44
177            android:enabled="@bool/enable_system_alarm_service_default"
177-->[androidx.work:work-runtime:2.7.1] AndroidManifest.xml:44:13-72
178            android:exported="false" />
178-->[androidx.work:work-runtime:2.7.1] AndroidManifest.xml:45:13-37
179        <service
179-->[androidx.work:work-runtime:2.7.1] AndroidManifest.xml:47:9-53:35
180            android:name="androidx.work.impl.background.systemjob.SystemJobService"
180-->[androidx.work:work-runtime:2.7.1] AndroidManifest.xml:48:13-84
181            android:directBootAware="false"
181-->[androidx.work:work-runtime:2.7.1] AndroidManifest.xml:49:13-44
182            android:enabled="@bool/enable_system_job_service_default"
182-->[androidx.work:work-runtime:2.7.1] AndroidManifest.xml:50:13-70
183            android:exported="true"
183-->[androidx.work:work-runtime:2.7.1] AndroidManifest.xml:51:13-36
184            android:permission="android.permission.BIND_JOB_SERVICE" />
184-->[androidx.work:work-runtime:2.7.1] AndroidManifest.xml:52:13-69
185        <service
185-->[androidx.work:work-runtime:2.7.1] AndroidManifest.xml:54:9-59:35
186            android:name="androidx.work.impl.foreground.SystemForegroundService"
186-->[androidx.work:work-runtime:2.7.1] AndroidManifest.xml:55:13-81
187            android:directBootAware="false"
187-->[androidx.work:work-runtime:2.7.1] AndroidManifest.xml:56:13-44
188            android:enabled="@bool/enable_system_foreground_service_default"
188-->[androidx.work:work-runtime:2.7.1] AndroidManifest.xml:57:13-77
189            android:exported="false" />
189-->[androidx.work:work-runtime:2.7.1] AndroidManifest.xml:58:13-37
190
191        <receiver
191-->[androidx.work:work-runtime:2.7.1] AndroidManifest.xml:61:9-66:35
192            android:name="androidx.work.impl.utils.ForceStopRunnable$BroadcastReceiver"
192-->[androidx.work:work-runtime:2.7.1] AndroidManifest.xml:62:13-88
193            android:directBootAware="false"
193-->[androidx.work:work-runtime:2.7.1] AndroidManifest.xml:63:13-44
194            android:enabled="true"
194-->[androidx.work:work-runtime:2.7.1] AndroidManifest.xml:64:13-35
195            android:exported="false" />
195-->[androidx.work:work-runtime:2.7.1] AndroidManifest.xml:65:13-37
196        <receiver
196-->[androidx.work:work-runtime:2.7.1] AndroidManifest.xml:67:9-77:20
197            android:name="androidx.work.impl.background.systemalarm.ConstraintProxy$BatteryChargingProxy"
197-->[androidx.work:work-runtime:2.7.1] AndroidManifest.xml:68:13-106
198            android:directBootAware="false"
198-->[androidx.work:work-runtime:2.7.1] AndroidManifest.xml:69:13-44
199            android:enabled="false"
199-->[androidx.work:work-runtime:2.7.1] AndroidManifest.xml:70:13-36
200            android:exported="false" >
200-->[androidx.work:work-runtime:2.7.1] AndroidManifest.xml:71:13-37
201            <intent-filter>
201-->[androidx.work:work-runtime:2.7.1] AndroidManifest.xml:73:13-76:29
202                <action android:name="android.intent.action.ACTION_POWER_CONNECTED" />
202-->[androidx.work:work-runtime:2.7.1] AndroidManifest.xml:74:17-87
202-->[androidx.work:work-runtime:2.7.1] AndroidManifest.xml:74:25-84
203                <action android:name="android.intent.action.ACTION_POWER_DISCONNECTED" />
203-->[androidx.work:work-runtime:2.7.1] AndroidManifest.xml:75:17-90
203-->[androidx.work:work-runtime:2.7.1] AndroidManifest.xml:75:25-87
204            </intent-filter>
205        </receiver>
206        <receiver
206-->[androidx.work:work-runtime:2.7.1] AndroidManifest.xml:78:9-88:20
207            android:name="androidx.work.impl.background.systemalarm.ConstraintProxy$BatteryNotLowProxy"
207-->[androidx.work:work-runtime:2.7.1] AndroidManifest.xml:79:13-104
208            android:directBootAware="false"
208-->[androidx.work:work-runtime:2.7.1] AndroidManifest.xml:80:13-44
209            android:enabled="false"
209-->[androidx.work:work-runtime:2.7.1] AndroidManifest.xml:81:13-36
210            android:exported="false" >
210-->[androidx.work:work-runtime:2.7.1] AndroidManifest.xml:82:13-37
211            <intent-filter>
211-->[androidx.work:work-runtime:2.7.1] AndroidManifest.xml:84:13-87:29
212                <action android:name="android.intent.action.BATTERY_OKAY" />
212-->[androidx.work:work-runtime:2.7.1] AndroidManifest.xml:85:17-77
212-->[androidx.work:work-runtime:2.7.1] AndroidManifest.xml:85:25-74
213                <action android:name="android.intent.action.BATTERY_LOW" />
213-->[androidx.work:work-runtime:2.7.1] AndroidManifest.xml:86:17-76
213-->[androidx.work:work-runtime:2.7.1] AndroidManifest.xml:86:25-73
214            </intent-filter>
215        </receiver>
216        <receiver
216-->[androidx.work:work-runtime:2.7.1] AndroidManifest.xml:89:9-99:20
217            android:name="androidx.work.impl.background.systemalarm.ConstraintProxy$StorageNotLowProxy"
217-->[androidx.work:work-runtime:2.7.1] AndroidManifest.xml:90:13-104
218            android:directBootAware="false"
218-->[androidx.work:work-runtime:2.7.1] AndroidManifest.xml:91:13-44
219            android:enabled="false"
219-->[androidx.work:work-runtime:2.7.1] AndroidManifest.xml:92:13-36
220            android:exported="false" >
220-->[androidx.work:work-runtime:2.7.1] AndroidManifest.xml:93:13-37
221            <intent-filter>
221-->[androidx.work:work-runtime:2.7.1] AndroidManifest.xml:95:13-98:29
222                <action android:name="android.intent.action.DEVICE_STORAGE_LOW" />
222-->[androidx.work:work-runtime:2.7.1] AndroidManifest.xml:96:17-83
222-->[androidx.work:work-runtime:2.7.1] AndroidManifest.xml:96:25-80
223                <action android:name="android.intent.action.DEVICE_STORAGE_OK" />
223-->[androidx.work:work-runtime:2.7.1] AndroidManifest.xml:97:17-82
223-->[androidx.work:work-runtime:2.7.1] AndroidManifest.xml:97:25-79
224            </intent-filter>
225        </receiver>
226        <receiver
226-->[androidx.work:work-runtime:2.7.1] AndroidManifest.xml:100:9-109:20
227            android:name="androidx.work.impl.background.systemalarm.ConstraintProxy$NetworkStateProxy"
227-->[androidx.work:work-runtime:2.7.1] AndroidManifest.xml:101:13-103
228            android:directBootAware="false"
228-->[androidx.work:work-runtime:2.7.1] AndroidManifest.xml:102:13-44
229            android:enabled="false"
229-->[androidx.work:work-runtime:2.7.1] AndroidManifest.xml:103:13-36
230            android:exported="false" >
230-->[androidx.work:work-runtime:2.7.1] AndroidManifest.xml:104:13-37
231            <intent-filter>
231-->[androidx.work:work-runtime:2.7.1] AndroidManifest.xml:106:13-108:29
232                <action android:name="android.net.conn.CONNECTIVITY_CHANGE" />
232-->[androidx.work:work-runtime:2.7.1] AndroidManifest.xml:107:17-79
232-->[androidx.work:work-runtime:2.7.1] AndroidManifest.xml:107:25-76
233            </intent-filter>
234        </receiver>
235        <receiver
235-->[androidx.work:work-runtime:2.7.1] AndroidManifest.xml:110:9-121:20
236            android:name="androidx.work.impl.background.systemalarm.RescheduleReceiver"
236-->[androidx.work:work-runtime:2.7.1] AndroidManifest.xml:111:13-88
237            android:directBootAware="false"
237-->[androidx.work:work-runtime:2.7.1] AndroidManifest.xml:112:13-44
238            android:enabled="false"
238-->[androidx.work:work-runtime:2.7.1] AndroidManifest.xml:113:13-36
239            android:exported="false" >
239-->[androidx.work:work-runtime:2.7.1] AndroidManifest.xml:114:13-37
240            <intent-filter>
240-->[androidx.work:work-runtime:2.7.1] AndroidManifest.xml:116:13-120:29
241                <action android:name="android.intent.action.BOOT_COMPLETED" />
241-->[androidx.work:work-runtime:2.7.1] AndroidManifest.xml:117:17-79
241-->[androidx.work:work-runtime:2.7.1] AndroidManifest.xml:117:25-76
242                <action android:name="android.intent.action.TIME_SET" />
242-->[androidx.work:work-runtime:2.7.1] AndroidManifest.xml:118:17-73
242-->[androidx.work:work-runtime:2.7.1] AndroidManifest.xml:118:25-70
243                <action android:name="android.intent.action.TIMEZONE_CHANGED" />
243-->[androidx.work:work-runtime:2.7.1] AndroidManifest.xml:119:17-81
243-->[androidx.work:work-runtime:2.7.1] AndroidManifest.xml:119:25-78
244            </intent-filter>
245        </receiver>
246        <receiver
246-->[androidx.work:work-runtime:2.7.1] AndroidManifest.xml:122:9-131:20
247            android:name="androidx.work.impl.background.systemalarm.ConstraintProxyUpdateReceiver"
247-->[androidx.work:work-runtime:2.7.1] AndroidManifest.xml:123:13-99
248            android:directBootAware="false"
248-->[androidx.work:work-runtime:2.7.1] AndroidManifest.xml:124:13-44
249            android:enabled="@bool/enable_system_alarm_service_default"
249-->[androidx.work:work-runtime:2.7.1] AndroidManifest.xml:125:13-72
250            android:exported="false" >
250-->[androidx.work:work-runtime:2.7.1] AndroidManifest.xml:126:13-37
251            <intent-filter>
251-->[androidx.work:work-runtime:2.7.1] AndroidManifest.xml:128:13-130:29
252                <action android:name="androidx.work.impl.background.systemalarm.UpdateProxies" />
252-->[androidx.work:work-runtime:2.7.1] AndroidManifest.xml:129:17-98
252-->[androidx.work:work-runtime:2.7.1] AndroidManifest.xml:129:25-95
253            </intent-filter>
254        </receiver>
255        <receiver
255-->[androidx.work:work-runtime:2.7.1] AndroidManifest.xml:132:9-142:20
256            android:name="androidx.work.impl.diagnostics.DiagnosticsReceiver"
256-->[androidx.work:work-runtime:2.7.1] AndroidManifest.xml:133:13-78
257            android:directBootAware="false"
257-->[androidx.work:work-runtime:2.7.1] AndroidManifest.xml:134:13-44
258            android:enabled="true"
258-->[androidx.work:work-runtime:2.7.1] AndroidManifest.xml:135:13-35
259            android:exported="true"
259-->[androidx.work:work-runtime:2.7.1] AndroidManifest.xml:136:13-36
260            android:permission="android.permission.DUMP" >
260-->[androidx.work:work-runtime:2.7.1] AndroidManifest.xml:137:13-57
261            <intent-filter>
261-->[androidx.work:work-runtime:2.7.1] AndroidManifest.xml:139:13-141:29
262                <action android:name="androidx.work.diagnostics.REQUEST_DIAGNOSTICS" />
262-->[androidx.work:work-runtime:2.7.1] AndroidManifest.xml:140:17-88
262-->[androidx.work:work-runtime:2.7.1] AndroidManifest.xml:140:25-85
263            </intent-filter>
264        </receiver>
265
266        <service
266-->[androidx.room:room-runtime:2.2.5] AndroidManifest.xml:25:9-28:40
267            android:name="androidx.room.MultiInstanceInvalidationService"
267-->[androidx.room:room-runtime:2.2.5] AndroidManifest.xml:26:13-74
268            android:directBootAware="true"
268-->[androidx.room:room-runtime:2.2.5] AndroidManifest.xml:27:13-43
269            android:exported="false" />
269-->[androidx.room:room-runtime:2.2.5] AndroidManifest.xml:28:13-37
270        <service
270-->[com.google.android.datatransport:transport-backend-cct:2.3.3] AndroidManifest.xml:29:9-35:19
271            android:name="com.google.android.datatransport.runtime.backends.TransportBackendDiscovery"
271-->[com.google.android.datatransport:transport-backend-cct:2.3.3] AndroidManifest.xml:30:13-103
272            android:exported="false" >
272-->[com.google.android.datatransport:transport-backend-cct:2.3.3] AndroidManifest.xml:31:13-37
273            <meta-data